TN:
SF:/Users/zero/projects/canvas-word-wrap/src/index.js
FN:4,splitWord
FN:11,(anonymous_2)
FN:27,getTextLine
FN:38,(anonymous_4)
FN:44,(anonymous_5)
FN:87,wrap
FNF:6
FNH:6
FNDA:16,splitWord
FNDA:554,(anonymous_2)
FNDA:16,getTextLine
FNDA:90,(anonymous_4)
FNDA:106,(anonymous_5)
FNDA:11,wrap
DA:4,1
DA:5,16
DA:6,16
DA:7,2
DA:9,14
DA:10,14
DA:11,14
DA:12,554
DA:13,390
DA:14,164
DA:15,10
DA:17,154
DA:19,554
DA:27,1
DA:28,16
DA:29,16
DA:30,16
DA:31,16
DA:32,16
DA:33,16
DA:34,16
DA:35,16
DA:36,16
DA:38,16
DA:39,90
DA:40,90
DA:41,90
DA:44,16
DA:45,106
DA:48,16
DA:49,106
DA:50,106
DA:51,26
DA:52,26
DA:53,80
DA:54,16
DA:55,0
DA:56,0
DA:58,16
DA:60,16
DA:62,64
DA:63,64
DA:67,16
DA:68,8
DA:69,7
DA:71,1
DA:73,8
DA:74,8
DA:75,8
DA:76,38
DA:77,38
DA:78,8
DA:80,30
DA:83,8
DA:86,16
DA:89,1
DA:90,11
DA:91,11
DA:92,11
DA:93,11
DA:94,11
DA:95,11
DA:96,11
DA:97,11
DA:98,11
DA:99,18
DA:100,2
DA:101,2
DA:103,16
DA:105,16
DA:106,16
DA:107,16
DA:109,16
DA:110,16
DA:112,11
DA:115,1
LF:76
LH:74
BRDA:6,1,0,2
BRDA:6,1,1,14
BRDA:12,2,0,390
BRDA:12,2,1,164
BRDA:12,3,0,554
BRDA:12,3,1,230
BRDA:12,3,2,230
BRDA:14,4,0,10
BRDA:14,4,1,154
BRDA:29,5,0,16
BRDA:29,5,1,0
BRDA:31,6,0,16
BRDA:31,6,1,0
BRDA:50,7,0,26
BRDA:50,7,1,80
BRDA:53,8,0,16
BRDA:53,8,1,64
BRDA:54,9,0,0
BRDA:54,9,1,16
BRDA:67,10,0,8
BRDA:67,10,1,8
BRDA:67,11,0,16
BRDA:67,11,1,9
BRDA:67,11,2,15
BRDA:68,12,0,7
BRDA:68,12,1,1
BRDA:68,13,0,8
BRDA:68,13,1,8
BRDA:77,14,0,8
BRDA:77,14,1,30
BRDA:83,15,0,0
BRDA:83,15,1,8
BRDA:88,16,0,11
BRDA:88,16,1,0
BRDA:89,17,0,11
BRDA:89,17,1,0
BRDA:91,18,0,11
BRDA:91,18,1,9
BRDA:97,19,0,2
BRDA:97,19,1,16
BRDA:102,20,0,9
BRDA:102,20,1,7
BRDA:102,21,0,16
BRDA:102,21,1,9
BRDA:108,22,0,9
BRDA:108,22,1,7
BRF:46
BRH:40
end_of_record
